0 verbose cli /home/ubuntu/.nvm/versions/node/v21.7.1/bin/node /home/ubuntu/.nvm/versions/node/v21.7.1/bin/npm
1 info using npm@10.5.0
2 info using node@v21.7.1
3 timing npm:load:whichnode Completed in 1ms
4 timing config:load:defaults Completed in 1ms
5 timing config:load:file:/home/ubuntu/.nvm/versions/node/v21.7.1/lib/node_modules/npm/npmrc Completed in 0ms
6 timing config:load:builtin Completed in 0ms
7 timing config:load:cli Completed in 3ms
8 timing config:load:env Completed in 0ms
9 timing config:load:project Completed in 13ms
10 timing config:load:file:/home/ubuntu/.npmrc Completed in 0ms
11 timing config:load:user Completed in 0ms
12 timing config:load:file:/home/ubuntu/.nvm/versions/node/v21.7.1/etc/npmrc Completed in 0ms
13 timing config:load:global Completed in 1ms
14 timing config:load:setEnvs Completed in 1ms
15 timing config:load Completed in 21ms
16 timing npm:load:configload Completed in 22ms
17 timing config:load:flatten Completed in 3ms
18 timing npm:load:mkdirpcache Completed in 1ms
19 timing npm:load:mkdirplogs Completed in 0ms
20 verbose title npm install create-react-app
21 verbose argv "install" "--global" "create-react-app"
22 timing npm:load:setTitle Completed in 1ms
23 timing npm:load:display Completed in 0ms
24 verbose logfile logs-max:10 dir:/home/ubuntu/.npm/_logs/2024-03-26T06_19_26_486Z-
25 verbose logfile /home/ubuntu/.npm/_logs/2024-03-26T06_19_26_486Z-debug-0.log
26 timing npm:load:logFile Completed in 10ms
27 timing npm:load:timers Completed in 0ms
28 timing npm:load:configScope Completed in 0ms
29 timing npm:load Completed in 52ms
30 timing config:load:flatten Completed in 0ms
31 timing arborist:ctor Completed in 0ms
32 silly logfile done cleaning log files
33 timing idealTree:init Completed in 8ms
34 timing idealTree:userRequests Completed in 2ms
35 silly idealTree buildDeps
36 silly fetch manifest create-react-app@*
37 http fetch GET 200 https://registry.npmjs.org/npm 161ms
38 http fetch GET 200 https://registry.npmjs.org/create-react-app 134ms (cache miss)
39 silly placeDep ROOT create-react-app@5.0.1 OK for:  want: *
40 silly fetch manifest chalk@^4.1.2
41 http fetch GET 200 https://registry.npmjs.org/chalk 32ms (cache miss)
42 silly fetch manifest commander@^4.1.1
43 http fetch GET 200 https://registry.npmjs.org/commander 51ms (cache miss)
44 silly fetch manifest cross-spawn@^7.0.3
45 http fetch GET 200 https://registry.npmjs.org/cross-spawn 29ms (cache miss)
46 silly fetch manifest envinfo@^7.8.1
47 http fetch GET 200 https://registry.npmjs.org/envinfo 27ms (cache miss)
48 silly fetch manifest fs-extra@^10.0.0
49 http fetch GET 200 https://registry.npmjs.org/fs-extra 31ms (cache miss)
50 silly fetch manifest hyperquest@^2.1.3
51 http fetch GET 200 https://registry.npmjs.org/hyperquest 42ms (cache miss)
52 silly fetch manifest prompts@^2.4.2
53 http fetch GET 200 https://registry.npmjs.org/prompts 28ms (cache miss)
54 silly fetch manifest semver@^7.3.5
55 http fetch GET 200 https://registry.npmjs.org/semver 37ms (cache miss)
56 silly fetch manifest tar-pack@^3.4.1
57 http fetch GET 200 https://registry.npmjs.org/tar-pack 43ms (cache miss)
58 silly fetch manifest tmp@^0.2.1
59 http fetch GET 200 https://registry.npmjs.org/tmp 29ms (cache miss)
60 silly fetch manifest validate-npm-package-name@^3.0.0
61 http fetch GET 200 https://registry.npmjs.org/validate-npm-package-name 29ms (cache miss)
62 timing idealTree:#root Completed in 569ms
63 silly placeDep node_modules/create-react-app chalk@4.1.2 OK for: create-react-app@5.0.1 want: ^4.1.2
64 silly placeDep node_modules/create-react-app commander@4.1.1 OK for: create-react-app@5.0.1 want: ^4.1.1
65 silly placeDep node_modules/create-react-app cross-spawn@7.0.3 OK for: create-react-app@5.0.1 want: ^7.0.3
66 silly placeDep node_modules/create-react-app envinfo@7.11.1 OK for: create-react-app@5.0.1 want: ^7.8.1
67 silly placeDep node_modules/create-react-app fs-extra@10.1.0 OK for: create-react-app@5.0.1 want: ^10.0.0
68 silly placeDep node_modules/create-react-app hyperquest@2.1.3 OK for: create-react-app@5.0.1 want: ^2.1.3
69 silly placeDep node_modules/create-react-app prompts@2.4.2 OK for: create-react-app@5.0.1 want: ^2.4.2
70 silly placeDep node_modules/create-react-app semver@7.6.0 OK for: create-react-app@5.0.1 want: ^7.3.5
71 silly placeDep node_modules/create-react-app tar-pack@3.4.1 OK for: create-react-app@5.0.1 want: ^3.4.1
72 silly placeDep node_modules/create-react-app tmp@0.2.3 OK for: create-react-app@5.0.1 want: ^0.2.1
73 silly placeDep node_modules/create-react-app validate-npm-package-name@3.0.0 OK for: create-react-app@5.0.1 want: ^3.0.0
74 silly fetch manifest ansi-styles@^4.1.0
75 http fetch GET 200 https://registry.npmjs.org/ansi-styles 35ms (cache miss)
76 silly fetch manifest supports-color@^7.1.0
77 http fetch GET 200 https://registry.npmjs.org/supports-color 28ms (cache miss)
78 silly fetch manifest path-key@^3.1.0
79 http fetch GET 200 https://registry.npmjs.org/path-key 23ms (cache miss)
80 silly fetch manifest shebang-command@^2.0.0
81 http fetch GET 200 https://registry.npmjs.org/shebang-command 43ms (cache miss)
82 silly fetch manifest which@^2.0.1
83 http fetch GET 200 https://registry.npmjs.org/which 25ms (cache miss)
84 silly fetch manifest graceful-fs@^4.2.0
85 http fetch GET 200 https://registry.npmjs.org/graceful-fs 31ms (cache miss)
86 silly fetch manifest jsonfile@^6.0.1
87 http fetch GET 200 https://registry.npmjs.org/jsonfile 28ms (cache miss)
88 silly fetch manifest universalify@^2.0.0
89 http fetch GET 200 https://registry.npmjs.org/universalify 24ms (cache miss)
90 silly fetch manifest buffer-from@^0.1.1
91 http fetch GET 200 https://registry.npmjs.org/buffer-from 26ms (cache miss)
92 silly fetch manifest duplexer2@~0.0.2
93 http fetch GET 200 https://registry.npmjs.org/duplexer2 25ms (cache miss)
94 silly fetch manifest through2@~0.6.3
95 http fetch GET 200 https://registry.npmjs.org/through2 29ms (cache miss)
96 silly fetch manifest kleur@^3.0.3
97 http fetch GET 200 https://registry.npmjs.org/kleur 31ms (cache miss)
98 silly fetch manifest sisteransi@^1.0.5
99 http fetch GET 200 https://registry.npmjs.org/sisteransi 24ms (cache miss)
100 silly fetch manifest lru-cache@^6.0.0
101 http fetch GET 200 https://registry.npmjs.org/lru-cache 30ms (cache miss)
102 silly fetch manifest debug@^2.2.0
103 http fetch GET 200 https://registry.npmjs.org/debug 31ms (cache miss)
104 silly fetch manifest fstream@^1.0.10
105 http fetch GET 200 https://registry.npmjs.org/fstream 53ms (cache miss)
106 silly fetch manifest fstream-ignore@^1.0.5
107 http fetch GET 200 https://registry.npmjs.org/fstream-ignore 47ms (cache miss)
108 silly fetch manifest once@^1.3.3
109 http fetch GET 200 https://registry.npmjs.org/once 24ms (cache miss)
110 silly fetch manifest readable-stream@^2.1.4
111 http fetch GET 200 https://registry.npmjs.org/readable-stream 36ms (cache miss)
112 silly fetch manifest rimraf@^2.5.1
113 http fetch GET 200 https://registry.npmjs.org/rimraf 22ms (cache miss)
114 silly fetch manifest tar@^2.2.1
115 http fetch GET 200 https://registry.npmjs.org/tar 41ms (cache miss)
116 silly fetch manifest uid-number@^0.0.6
117 http fetch GET 200 https://registry.npmjs.org/uid-number 51ms (cache miss)
118 silly fetch manifest builtins@^1.0.3
119 http fetch GET 200 https://registry.npmjs.org/builtins 22ms (cache miss)
120 timing idealTree:node_modules/create-react-app Completed in 808ms
121 silly placeDep node_modules/create-react-app ansi-styles@4.3.0 OK for: chalk@4.1.2 want: ^4.1.0
122 silly placeDep node_modules/create-react-app supports-color@7.2.0 OK for: chalk@4.1.2 want: ^7.1.0
123 silly fetch manifest color-convert@^2.0.1
124 http fetch GET 200 https://registry.npmjs.org/color-convert 26ms (cache miss)
125 silly fetch manifest has-flag@^4.0.0
126 http fetch GET 200 https://registry.npmjs.org/has-flag 34ms (cache miss)
127 timing idealTree:node_modules/create-react-app/node_modules/chalk Completed in 66ms
128 silly placeDep node_modules/create-react-app color-convert@2.0.1 OK for: ansi-styles@4.3.0 want: ^2.0.1
129 silly fetch manifest color-name@~1.1.4
130 http fetch GET 200 https://registry.npmjs.org/color-name 23ms (cache miss)
131 timing idealTree:node_modules/create-react-app/node_modules/ansi-styles Completed in 26ms
132 silly placeDep node_modules/create-react-app color-name@1.1.4 OK for: color-convert@2.0.1 want: ~1.1.4
133 timing idealTree:node_modules/create-react-app/node_modules/color-convert Completed in 2ms
134 timing idealTree:node_modules/create-react-app/node_modules/color-name Completed in 0ms
135 timing idealTree:node_modules/create-react-app/node_modules/commander Completed in 0ms
136 silly placeDep node_modules/create-react-app path-key@3.1.1 OK for: cross-spawn@7.0.3 want: ^3.1.0
137 silly placeDep node_modules/create-react-app shebang-command@2.0.0 OK for: cross-spawn@7.0.3 want: ^2.0.0
138 silly placeDep node_modules/create-react-app which@2.0.2 OK for: cross-spawn@7.0.3 want: ^2.0.1
139 silly fetch manifest shebang-regex@^3.0.0
140 http fetch GET 200 https://registry.npmjs.org/shebang-regex 30ms (cache miss)
141 silly fetch manifest isexe@^2.0.0
142 http fetch GET 200 https://registry.npmjs.org/isexe 26ms (cache miss)
143 timing idealTree:node_modules/create-react-app/node_modules/cross-spawn Completed in 62ms
144 timing idealTree:node_modules/create-react-app/node_modules/envinfo Completed in 0ms
145 silly placeDep node_modules/create-react-app graceful-fs@4.2.11 OK for: fs-extra@10.1.0 want: ^4.2.0
146 silly placeDep node_modules/create-react-app jsonfile@6.1.0 OK for: fs-extra@10.1.0 want: ^6.0.1
147 silly placeDep node_modules/create-react-app universalify@2.0.1 OK for: fs-extra@10.1.0 want: ^2.0.0
148 timing idealTree:node_modules/create-react-app/node_modules/fs-extra Completed in 4ms
149 timing idealTree:node_modules/create-react-app/node_modules/graceful-fs Completed in 0ms
150 silly placeDep node_modules/create-react-app buffer-from@0.1.2 OK for: hyperquest@2.1.3 want: ^0.1.1
151 silly placeDep node_modules/create-react-app duplexer2@0.0.2 OK for: hyperquest@2.1.3 want: ~0.0.2
152 silly placeDep node_modules/create-react-app through2@0.6.5 OK for: hyperquest@2.1.3 want: ~0.6.3
153 silly fetch manifest readable-stream@~1.1.9
154 silly fetch manifest readable-stream@>=1.0.33-1 <1.1.0-0
155 silly fetch manifest xtend@>=4.0.0 <4.1.0-0
156 http fetch GET 200 https://registry.npmjs.org/xtend 22ms (cache miss)
157 timing idealTree:node_modules/create-react-app/node_modules/hyperquest Completed in 30ms
158 timing idealTree:node_modules/create-react-app/node_modules/buffer-from Completed in 0ms
159 silly placeDep node_modules/create-react-app readable-stream@1.1.14 OK for: duplexer2@0.0.2 want: ~1.1.9
160 silly fetch manifest core-util-is@~1.0.0
161 http fetch GET 200 https://registry.npmjs.org/core-util-is 28ms (cache miss)
162 silly fetch manifest isarray@0.0.1
163 http fetch GET 200 https://registry.npmjs.org/isarray 22ms (cache miss)
164 silly fetch manifest string_decoder@~0.10.x
165 http fetch GET 200 https://registry.npmjs.org/string_decoder 32ms (cache miss)
166 silly fetch manifest inherits@~2.0.1
167 http fetch GET 200 https://registry.npmjs.org/inherits 22ms (cache miss)
168 timing idealTree:node_modules/create-react-app/node_modules/duplexer2 Completed in 111ms
169 timing idealTree:node_modules/create-react-app/node_modules/jsonfile Completed in 0ms
170 timing idealTree:node_modules/create-react-app/node_modules/path-key Completed in 0ms
171 silly placeDep node_modules/create-react-app kleur@3.0.3 OK for: prompts@2.4.2 want: ^3.0.3
172 silly placeDep node_modules/create-react-app sisteransi@1.0.5 OK for: prompts@2.4.2 want: ^1.0.5
173 timing idealTree:node_modules/create-react-app/node_modules/prompts Completed in 3ms
174 timing idealTree:node_modules/create-react-app/node_modules/kleur Completed in 0ms
175 silly placeDep node_modules/create-react-app core-util-is@1.0.3 OK for: readable-stream@1.1.14 want: ~1.0.0
176 silly placeDep node_modules/create-react-app inherits@2.0.4 OK for: readable-stream@1.1.14 want: ~2.0.1
177 silly placeDep node_modules/create-react-app isarray@0.0.1 OK for: readable-stream@1.1.14 want: 0.0.1
178 silly placeDep node_modules/create-react-app string_decoder@0.10.31 OK for: readable-stream@1.1.14 want: ~0.10.x
179 timing idealTree:node_modules/create-react-app/node_modules/readable-stream Completed in 6ms
180 timing idealTree:node_modules/create-react-app/node_modules/core-util-is Completed in 0ms
181 timing idealTree:node_modules/create-react-app/node_modules/inherits Completed in 0ms
182 timing idealTree:node_modules/create-react-app/node_modules/isarray Completed in 0ms
183 silly placeDep node_modules/create-react-app lru-cache@6.0.0 OK for: semver@7.6.0 want: ^6.0.0
184 silly fetch manifest yallist@^4.0.0
185 http fetch GET 200 https://registry.npmjs.org/yallist 27ms (cache miss)
186 timing idealTree:node_modules/create-react-app/node_modules/semver Completed in 30ms
187 silly placeDep node_modules/create-react-app yallist@4.0.0 OK for: lru-cache@6.0.0 want: ^4.0.0
188 timing idealTree:node_modules/create-react-app/node_modules/lru-cache Completed in 1ms
189 silly placeDep node_modules/create-react-app shebang-regex@3.0.0 OK for: shebang-command@2.0.0 want: ^3.0.0
190 timing idealTree:node_modules/create-react-app/node_modules/shebang-command Completed in 2ms
191 timing idealTree:node_modules/create-react-app/node_modules/shebang-regex Completed in 0ms
192 timing idealTree:node_modules/create-react-app/node_modules/sisteransi Completed in 0ms
193 timing idealTree:node_modules/create-react-app/node_modules/string_decoder Completed in 0ms
194 silly placeDep node_modules/create-react-app has-flag@4.0.0 OK for: supports-color@7.2.0 want: ^4.0.0
195 timing idealTree:node_modules/create-react-app/node_modules/supports-color Completed in 2ms
196 timing idealTree:node_modules/create-react-app/node_modules/has-flag Completed in 0ms
197 silly placeDep node_modules/create-react-app debug@2.6.9 OK for: tar-pack@3.4.1 want: ^2.2.0
198 silly placeDep node_modules/create-react-app fstream@1.0.12 OK for: tar-pack@3.4.1 want: ^1.0.10
199 silly placeDep node_modules/create-react-app fstream-ignore@1.0.5 OK for: tar-pack@3.4.1 want: ^1.0.5
200 silly placeDep node_modules/create-react-app once@1.4.0 OK for: tar-pack@3.4.1 want: ^1.3.3
201 silly placeDep node_modules/create-react-app/node_modules/tar-pack readable-stream@2.3.8 OK for: tar-pack@3.4.1 want: ^2.1.4
202 silly placeDep node_modules/create-react-app rimraf@2.7.1 OK for: tar-pack@3.4.1 want: ^2.5.1
203 silly placeDep node_modules/create-react-app tar@2.2.2 OK for: tar-pack@3.4.1 want: ^2.2.1
204 silly placeDep node_modules/create-react-app uid-number@0.0.6 OK for: tar-pack@3.4.1 want: ^0.0.6
205 silly fetch manifest ms@2.0.0
206 http fetch GET 200 https://registry.npmjs.org/ms 35ms (cache miss)
207 silly fetch manifest mkdirp@>=0.5 0
208 http fetch GET 200 https://registry.npmjs.org/mkdirp 29ms (cache miss)
209 silly fetch manifest rimraf@2
210 silly fetch manifest minimatch@^3.0.0
211 http fetch GET 200 https://registry.npmjs.org/minimatch 36ms (cache miss)
212 silly fetch manifest wrappy@1
213 http fetch GET 200 https://registry.npmjs.org/wrappy 32ms (cache miss)
214 silly fetch manifest isarray@~1.0.0
215 silly fetch manifest process-nextick-args@~2.0.0
216 http fetch GET 200 https://registry.npmjs.org/process-nextick-args 21ms (cache miss)
217 silly fetch manifest safe-buffer@~5.1.1
218 http fetch GET 200 https://registry.npmjs.org/safe-buffer 30ms (cache miss)
219 silly fetch manifest string_decoder@~1.1.1
220 silly fetch manifest util-deprecate@~1.0.1
221 http fetch GET 200 https://registry.npmjs.org/util-deprecate 21ms (cache miss)
222 silly fetch manifest glob@^7.1.3
223 http fetch GET 200 https://registry.npmjs.org/glob 28ms (cache miss)
224 silly fetch manifest block-stream@*
225 http fetch GET 200 https://registry.npmjs.org/block-stream 52ms (cache miss)
226 timing idealTree:node_modules/create-react-app/node_modules/tar-pack Completed in 321ms
227 silly placeDep node_modules/create-react-app ms@2.0.0 OK for: debug@2.6.9 want: 2.0.0
228 timing idealTree:node_modules/create-react-app/node_modules/debug Completed in 1ms
229 silly placeDep node_modules/create-react-app mkdirp@0.5.6 OK for: fstream@1.0.12 want: >=0.5 0
230 silly fetch manifest minimist@^1.2.6
231 http fetch GET 200 https://registry.npmjs.org/minimist 28ms (cache miss)
232 timing idealTree:node_modules/create-react-app/node_modules/fstream Completed in 33ms
233 silly placeDep node_modules/create-react-app minimatch@3.1.2 OK for: fstream-ignore@1.0.5 want: ^3.0.0
234 silly fetch manifest brace-expansion@^1.1.7
235 http fetch GET 200 https://registry.npmjs.org/brace-expansion 27ms (cache miss)
236 timing idealTree:node_modules/create-react-app/node_modules/fstream-ignore Completed in 30ms
237 silly placeDep node_modules/create-react-app brace-expansion@1.1.11 OK for: minimatch@3.1.2 want: ^1.1.7
238 silly fetch manifest balanced-match@^1.0.0
239 http fetch GET 200 https://registry.npmjs.org/balanced-match 25ms (cache miss)
240 silly fetch manifest concat-map@0.0.1
241 http fetch GET 200 https://registry.npmjs.org/concat-map 32ms (cache miss)
242 timing idealTree:node_modules/create-react-app/node_modules/minimatch Completed in 60ms
243 silly placeDep node_modules/create-react-app balanced-match@1.0.2 OK for: brace-expansion@1.1.11 want: ^1.0.0
244 silly placeDep node_modules/create-react-app concat-map@0.0.1 OK for: brace-expansion@1.1.11 want: 0.0.1
245 timing idealTree:node_modules/create-react-app/node_modules/brace-expansion Completed in 3ms
246 timing idealTree:node_modules/create-react-app/node_modules/balanced-match Completed in 0ms
247 timing idealTree:node_modules/create-react-app/node_modules/concat-map Completed in 0ms
248 silly placeDep node_modules/create-react-app minimist@1.2.8 OK for: mkdirp@0.5.6 want: ^1.2.6
249 timing idealTree:node_modules/create-react-app/node_modules/mkdirp Completed in 2ms
250 timing idealTree:node_modules/create-react-app/node_modules/minimist Completed in 0ms
251 timing idealTree:node_modules/create-react-app/node_modules/ms Completed in 0ms
252 silly placeDep node_modules/create-react-app wrappy@1.0.2 OK for: once@1.4.0 want: 1
253 timing idealTree:node_modules/create-react-app/node_modules/once Completed in 1ms
254 silly placeDep node_modules/create-react-app glob@7.2.3 OK for: rimraf@2.7.1 want: ^7.1.3
255 silly fetch manifest fs.realpath@^1.0.0
256 http fetch GET 200 https://registry.npmjs.org/fs.realpath 28ms (cache miss)
257 silly fetch manifest inflight@^1.0.4
258 http fetch GET 200 https://registry.npmjs.org/inflight 29ms (cache miss)
259 silly fetch manifest path-is-absolute@^1.0.0
260 http fetch GET 200 https://registry.npmjs.org/path-is-absolute 27ms (cache miss)
261 timing idealTree:node_modules/create-react-app/node_modules/rimraf Completed in 89ms
262 silly placeDep node_modules/create-react-app fs.realpath@1.0.0 OK for: glob@7.2.3 want: ^1.0.0
263 silly placeDep node_modules/create-react-app inflight@1.0.6 OK for: glob@7.2.3 want: ^1.0.4
264 silly placeDep node_modules/create-react-app path-is-absolute@1.0.1 OK for: glob@7.2.3 want: ^1.0.0
265 timing idealTree:node_modules/create-react-app/node_modules/glob Completed in 4ms
266 timing idealTree:node_modules/create-react-app/node_modules/fs.realpath Completed in 0ms
267 timing idealTree:node_modules/create-react-app/node_modules/inflight Completed in 0ms
268 timing idealTree:node_modules/create-react-app/node_modules/path-is-absolute Completed in 0ms
269 silly placeDep node_modules/create-react-app block-stream@0.0.9 OK for: tar@2.2.2 want: *
270 timing idealTree:node_modules/create-react-app/node_modules/tar Completed in 2ms
271 timing idealTree:node_modules/create-react-app/node_modules/block-stream Completed in 0ms
272 silly placeDep node_modules/create-react-app/node_modules/through2 readable-stream@1.0.34 OK for: through2@0.6.5 want: >=1.0.33-1 <1.1.0-0
273 silly placeDep node_modules/create-react-app xtend@4.0.2 OK for: through2@0.6.5 want: >=4.0.0 <4.1.0-0
274 timing idealTree:node_modules/create-react-app/node_modules/through2 Completed in 4ms
275 timing idealTree:node_modules/create-react-app/node_modules/tmp Completed in 0ms
276 timing idealTree:node_modules/create-react-app/node_modules/uid-number Completed in 0ms
277 timing idealTree:node_modules/create-react-app/node_modules/universalify Completed in 0ms
278 silly placeDep node_modules/create-react-app builtins@1.0.3 OK for: validate-npm-package-name@3.0.0 want: ^1.0.3
279 timing idealTree:node_modules/create-react-app/node_modules/validate-npm-package-name Completed in 2ms
280 timing idealTree:node_modules/create-react-app/node_modules/builtins Completed in 0ms
281 silly placeDep node_modules/create-react-app isexe@2.0.0 OK for: which@2.0.2 want: ^2.0.0
282 timing idealTree:node_modules/create-react-app/node_modules/which Completed in 1ms
283 timing idealTree:node_modules/create-react-app/node_modules/isexe Completed in 0ms
284 timing idealTree:node_modules/create-react-app/node_modules/wrappy Completed in 0ms
285 timing idealTree:node_modules/create-react-app/node_modules/xtend Completed in 0ms
286 timing idealTree:node_modules/create-react-app/node_modules/yallist Completed in 0ms
287 silly placeDep node_modules/create-react-app/node_modules/tar-pack isarray@1.0.0 OK for: readable-stream@2.3.8 want: ~1.0.0
288 silly placeDep node_modules/create-react-app process-nextick-args@2.0.1 OK for: readable-stream@2.3.8 want: ~2.0.0
289 silly placeDep node_modules/create-react-app safe-buffer@5.1.2 OK for: readable-stream@2.3.8 want: ~5.1.1
290 silly placeDep node_modules/create-react-app/node_modules/tar-pack string_decoder@1.1.1 OK for: readable-stream@2.3.8 want: ~1.1.1
291 silly placeDep node_modules/create-react-app util-deprecate@1.0.2 OK for: readable-stream@2.3.8 want: ~1.0.1
292 timing idealTree:node_modules/create-react-app/node_modules/tar-pack/node_modules/readable-stream Completed in 9ms
293 timing idealTree:node_modules/create-react-app/node_modules/process-nextick-args Completed in 0ms
294 timing idealTree:node_modules/create-react-app/node_modules/safe-buffer Completed in 0ms
295 timing idealTree:node_modules/create-react-app/node_modules/util-deprecate Completed in 0ms
296 timing idealTree:node_modules/create-react-app/node_modules/tar-pack/node_modules/isarray Completed in 0ms
297 timing idealTree:node_modules/create-react-app/node_modules/tar-pack/node_modules/string_decoder Completed in 0ms
298 timing idealTree:node_modules/create-react-app/node_modules/through2/node_modules/readable-stream Completed in 0ms
299 timing idealTree:buildDeps Completed in 2293ms
300 timing idealTree:fixDepFlags Completed in 1ms
301 timing idealTree Completed in 2306ms
302 timing reify:loadTrees Completed in 2308ms
303 timing reify:diffTrees Completed in 2ms
304 silly reify moves {}
305 timing reify:retireShallow Completed in 1ms
306 timing reify:createSparse Completed in 9ms
307 timing reify:loadBundles Completed in 0ms
308 silly tarball no local data for create-react-app@https://registry.npmjs.org/create-react-app/-/create-react-app-5.0.1.tgz. Extracting by manifest.
309 silly tarball no local data for util-deprecate@https://registry.npmjs.org/util-deprecate/-/util-deprecate-1.0.2.tgz. Extracting by manifest.
310 silly tarball no local data for safe-buffer@https://registry.npmjs.org/safe-buffer/-/safe-buffer-5.1.2.tgz. Extracting by manifest.
311 silly tarball no local data for process-nextick-args@https://registry.npmjs.org/process-nextick-args/-/process-nextick-args-2.0.1.tgz. Extracting by manifest.
312 silly tarball no local data for isexe@https://registry.npmjs.org/isexe/-/isexe-2.0.0.tgz. Extracting by manifest.
313 silly tarball no local data for builtins@https://registry.npmjs.org/builtins/-/builtins-1.0.3.tgz. Extracting by manifest.
314 silly tarball no local data for xtend@https://registry.npmjs.org/xtend/-/xtend-4.0.2.tgz. Extracting by manifest.
315 silly tarball no local data for block-stream@https://registry.npmjs.org/block-stream/-/block-stream-0.0.9.tgz. Extracting by manifest.
316 silly tarball no local data for path-is-absolute@https://registry.npmjs.org/path-is-absolute/-/path-is-absolute-1.0.1.tgz. Extracting by manifest.
317 silly tarball no local data for inflight@https://registry.npmjs.org/inflight/-/inflight-1.0.6.tgz. Extracting by manifest.
318 silly tarball no local data for fs.realpath@https://registry.npmjs.org/fs.realpath/-/fs.realpath-1.0.0.tgz. Extracting by manifest.
319 silly tarball no local data for glob@https://registry.npmjs.org/glob/-/glob-7.2.3.tgz. Extracting by manifest.
320 silly tarball no local data for wrappy@https://registry.npmjs.org/wrappy/-/wrappy-1.0.2.tgz. Extracting by manifest.
321 silly tarball no local data for minimist@https://registry.npmjs.org/minimist/-/minimist-1.2.8.tgz. Extracting by manifest.
322 silly tarball no local data for concat-map@https://registry.npmjs.org/concat-map/-/concat-map-0.0.1.tgz. Extracting by manifest.
323 silly tarball no local data for balanced-match@https://registry.npmjs.org/balanced-match/-/balanced-match-1.0.2.tgz. Extracting by manifest.
324 silly tarball no local data for brace-expansion@https://registry.npmjs.org/brace-expansion/-/brace-expansion-1.1.11.tgz. Extracting by manifest.
325 silly tarball no local data for minimatch@https://registry.npmjs.org/minimatch/-/minimatch-3.1.2.tgz. Extracting by manifest.
326 silly tarball no local data for mkdirp@https://registry.npmjs.org/mkdirp/-/mkdirp-0.5.6.tgz. Extracting by manifest.
327 silly tarball no local data for ms@https://registry.npmjs.org/ms/-/ms-2.0.0.tgz. Extracting by manifest.
328 silly tarball no local data for uid-number@https://registry.npmjs.org/uid-number/-/uid-number-0.0.6.tgz. Extracting by manifest.
329 silly tarball no local data for tar@https://registry.npmjs.org/tar/-/tar-2.2.2.tgz. Extracting by manifest.
330 silly tarball no local data for rimraf@https://registry.npmjs.org/rimraf/-/rimraf-2.7.1.tgz. Extracting by manifest.
331 silly tarball no local data for once@https://registry.npmjs.org/once/-/once-1.4.0.tgz. Extracting by manifest.
332 silly tarball no local data for fstream-ignore@https://registry.npmjs.org/fstream-ignore/-/fstream-ignore-1.0.5.tgz. Extracting by manifest.
333 silly tarball no local data for fstream@https://registry.npmjs.org/fstream/-/fstream-1.0.12.tgz. Extracting by manifest.
334 silly tarball no local data for debug@https://registry.npmjs.org/debug/-/debug-2.6.9.tgz. Extracting by manifest.
335 silly tarball no local data for has-flag@https://registry.npmjs.org/has-flag/-/has-flag-4.0.0.tgz. Extracting by manifest.
336 silly tarball no local data for shebang-regex@https://registry.npmjs.org/shebang-regex/-/shebang-regex-3.0.0.tgz. Extracting by manifest.
337 silly tarball no local data for yallist@https://registry.npmjs.org/yallist/-/yallist-4.0.0.tgz. Extracting by manifest.
338 silly tarball no local data for lru-cache@https://registry.npmjs.org/lru-cache/-/lru-cache-6.0.0.tgz. Extracting by manifest.
339 silly tarball no local data for string_decoder@https://registry.npmjs.org/string_decoder/-/string_decoder-0.10.31.tgz. Extracting by manifest.
340 silly tarball no local data for isarray@https://registry.npmjs.org/isarray/-/isarray-0.0.1.tgz. Extracting by manifest.
341 silly tarball no local data for inherits@https://registry.npmjs.org/inherits/-/inherits-2.0.4.tgz. Extracting by manifest.
342 silly tarball no local data for core-util-is@https://registry.npmjs.org/core-util-is/-/core-util-is-1.0.3.tgz. Extracting by manifest.
343 silly tarball no local data for sisteransi@https://registry.npmjs.org/sisteransi/-/sisteransi-1.0.5.tgz. Extracting by manifest.
344 silly tarball no local data for kleur@https://registry.npmjs.org/kleur/-/kleur-3.0.3.tgz. Extracting by manifest.
345 silly tarball no local data for readable-stream@https://registry.npmjs.org/readable-stream/-/readable-stream-1.1.14.tgz. Extracting by manifest.
346 silly tarball no local data for through2@https://registry.npmjs.org/through2/-/through2-0.6.5.tgz. Extracting by manifest.
347 silly tarball no local data for readable-stream@https://registry.npmjs.org/readable-stream/-/readable-stream-1.0.34.tgz. Extracting by manifest.
348 silly tarball no local data for duplexer2@https://registry.npmjs.org/duplexer2/-/duplexer2-0.0.2.tgz. Extracting by manifest.
349 silly tarball no local data for buffer-from@https://registry.npmjs.org/buffer-from/-/buffer-from-0.1.2.tgz. Extracting by manifest.
350 silly tarball no local data for universalify@https://registry.npmjs.org/universalify/-/universalify-2.0.1.tgz. Extracting by manifest.
351 silly tarball no local data for jsonfile@https://registry.npmjs.org/jsonfile/-/jsonfile-6.1.0.tgz. Extracting by manifest.
352 silly tarball no local data for graceful-fs@https://registry.npmjs.org/graceful-fs/-/graceful-fs-4.2.11.tgz. Extracting by manifest.
353 silly tarball no local data for which@https://registry.npmjs.org/which/-/which-2.0.2.tgz. Extracting by manifest.
354 silly tarball no local data for shebang-command@https://registry.npmjs.org/shebang-command/-/shebang-command-2.0.0.tgz. Extracting by manifest.
355 silly tarball no local data for path-key@https://registry.npmjs.org/path-key/-/path-key-3.1.1.tgz. Extracting by manifest.
356 silly tarball no local data for color-name@https://registry.npmjs.org/color-name/-/color-name-1.1.4.tgz. Extracting by manifest.
357 silly tarball no local data for color-convert@https://registry.npmjs.org/color-convert/-/color-convert-2.0.1.tgz. Extracting by manifest.
358 silly tarball no local data for supports-color@https://registry.npmjs.org/supports-color/-/supports-color-7.2.0.tgz. Extracting by manifest.
359 silly tarball no local data for ansi-styles@https://registry.npmjs.org/ansi-styles/-/ansi-styles-4.3.0.tgz. Extracting by manifest.
360 silly tarball no local data for validate-npm-package-name@https://registry.npmjs.org/validate-npm-package-name/-/validate-npm-package-name-3.0.0.tgz. Extracting by manifest.
361 silly tarball no local data for tmp@https://registry.npmjs.org/tmp/-/tmp-0.2.3.tgz. Extracting by manifest.
362 silly tarball no local data for tar-pack@https://registry.npmjs.org/tar-pack/-/tar-pack-3.4.1.tgz. Extracting by manifest.
363 silly tarball no local data for string_decoder@https://registry.npmjs.org/string_decoder/-/string_decoder-1.1.1.tgz. Extracting by manifest.
364 silly tarball no local data for isarray@https://registry.npmjs.org/isarray/-/isarray-1.0.0.tgz. Extracting by manifest.
365 silly tarball no local data for readable-stream@https://registry.npmjs.org/readable-stream/-/readable-stream-2.3.8.tgz. Extracting by manifest.
366 silly tarball no local data for semver@https://registry.npmjs.org/semver/-/semver-7.6.0.tgz. Extracting by manifest.
367 silly tarball no local data for prompts@https://registry.npmjs.org/prompts/-/prompts-2.4.2.tgz. Extracting by manifest.
368 silly tarball no local data for hyperquest@https://registry.npmjs.org/hyperquest/-/hyperquest-2.1.3.tgz. Extracting by manifest.
369 silly tarball no local data for fs-extra@https://registry.npmjs.org/fs-extra/-/fs-extra-10.1.0.tgz. Extracting by manifest.
370 silly tarball no local data for envinfo@https://registry.npmjs.org/envinfo/-/envinfo-7.11.1.tgz. Extracting by manifest.
371 silly tarball no local data for cross-spawn@https://registry.npmjs.org/cross-spawn/-/cross-spawn-7.0.3.tgz. Extracting by manifest.
372 silly tarball no local data for commander@https://registry.npmjs.org/commander/-/commander-4.1.1.tgz. Extracting by manifest.
373 silly tarball no local data for chalk@https://registry.npmjs.org/chalk/-/chalk-4.1.2.tgz. Extracting by manifest.
374 http fetch GET 200 https://registry.npmjs.org/util-deprecate/-/util-deprecate-1.0.2.tgz 674ms (cache miss)
375 timing reifyNode:node_modules/create-react-app/node_modules/util-deprecate Completed in 714ms
376 http fetch GET 200 https://registry.npmjs.org/create-react-app/-/create-react-app-5.0.1.tgz 677ms (cache miss)
377 timing reifyNode:node_modules/create-react-app Completed in 716ms
378 http fetch GET 200 https://registry.npmjs.org/builtins/-/builtins-1.0.3.tgz 686ms (cache miss)
379 timing reifyNode:node_modules/create-react-app/node_modules/builtins Completed in 728ms
380 http fetch GET 200 https://registry.npmjs.org/wrappy/-/wrappy-1.0.2.tgz 683ms (cache miss)
381 timing reifyNode:node_modules/create-react-app/node_modules/wrappy Completed in 727ms
382 http fetch GET 200 https://registry.npmjs.org/once/-/once-1.4.0.tgz 680ms (cache miss)
383 timing reifyNode:node_modules/create-react-app/node_modules/once Completed in 729ms
384 http fetch GET 200 https://registry.npmjs.org/balanced-match/-/balanced-match-1.0.2.tgz 688ms (cache miss)
385 timing reifyNode:node_modules/create-react-app/node_modules/balanced-match Completed in 734ms
386 http fetch GET 200 https://registry.npmjs.org/mkdirp/-/mkdirp-0.5.6.tgz 687ms (cache miss)
387 timing reifyNode:node_modules/create-react-app/node_modules/mkdirp Completed in 734ms
388 http fetch GET 200 https://registry.npmjs.org/string_decoder/-/string_decoder-0.10.31.tgz 683ms (cache miss)
389 timing reifyNode:node_modules/create-react-app/node_modules/string_decoder Completed in 734ms
390 http fetch GET 200 https://registry.npmjs.org/color-name/-/color-name-1.1.4.tgz 676ms (cache miss)
391 timing reifyNode:node_modules/create-react-app/node_modules/color-name Completed in 734ms
392 http fetch GET 200 https://registry.npmjs.org/shebang-command/-/shebang-command-2.0.0.tgz 678ms (cache miss)
393 timing reifyNode:node_modules/create-react-app/node_modules/shebang-command Completed in 735ms
394 http fetch GET 200 https://registry.npmjs.org/path-is-absolute/-/path-is-absolute-1.0.1.tgz 698ms (cache miss)
395 timing reifyNode:node_modules/create-react-app/node_modules/path-is-absolute Completed in 741ms
396 http fetch GET 200 https://registry.npmjs.org/inflight/-/inflight-1.0.6.tgz 698ms (cache miss)
397 timing reifyNode:node_modules/create-react-app/node_modules/inflight Completed in 741ms
398 http fetch GET 200 https://registry.npmjs.org/concat-map/-/concat-map-0.0.1.tgz 695ms (cache miss)
399 timing reifyNode:node_modules/create-react-app/node_modules/concat-map Completed in 741ms
400 http fetch GET 200 https://registry.npmjs.org/brace-expansion/-/brace-expansion-1.1.11.tgz 695ms (cache miss)
401 timing reifyNode:node_modules/create-react-app/node_modules/brace-expansion Completed in 742ms
402 http fetch GET 200 https://registry.npmjs.org/has-flag/-/has-flag-4.0.0.tgz 692ms (cache miss)
403 timing reifyNode:node_modules/create-react-app/node_modules/has-flag Completed in 742ms
404 http fetch GET 200 https://registry.npmjs.org/shebang-regex/-/shebang-regex-3.0.0.tgz 692ms (cache miss)
405 timing reifyNode:node_modules/create-react-app/node_modules/shebang-regex Completed in 742ms
406 http fetch GET 200 https://registry.npmjs.org/core-util-is/-/core-util-is-1.0.3.tgz 690ms (cache miss)
407 timing reifyNode:node_modules/create-react-app/node_modules/core-util-is Completed in 743ms
408 http fetch GET 200 https://registry.npmjs.org/buffer-from/-/buffer-from-0.1.2.tgz 688ms (cache miss)
409 timing reifyNode:node_modules/create-react-app/node_modules/buffer-from Completed in 743ms
410 http fetch GET 200 https://registry.npmjs.org/universalify/-/universalify-2.0.1.tgz 687ms (cache miss)
411 timing reifyNode:node_modules/create-react-app/node_modules/universalify Completed in 743ms
412 http fetch GET 200 https://registry.npmjs.org/uid-number/-/uid-number-0.0.6.tgz 703ms (cache miss)
413 timing reifyNode:node_modules/create-react-app/node_modules/uid-number Completed in 750ms
414 http fetch GET 200 https://registry.npmjs.org/xtend/-/xtend-4.0.2.tgz 710ms (cache miss)
415 timing reifyNode:node_modules/create-react-app/node_modules/xtend Completed in 752ms
416 http fetch GET 200 https://registry.npmjs.org/ms/-/ms-2.0.0.tgz 706ms (cache miss)
417 timing reifyNode:node_modules/create-react-app/node_modules/ms Completed in 753ms
418 http fetch GET 200 https://registry.npmjs.org/rimraf/-/rimraf-2.7.1.tgz 705ms (cache miss)
419 timing reifyNode:node_modules/create-react-app/node_modules/rimraf Completed in 754ms
420 http fetch GET 200 https://registry.npmjs.org/lru-cache/-/lru-cache-6.0.0.tgz 702ms (cache miss)
421 timing reifyNode:node_modules/create-react-app/node_modules/lru-cache Completed in 753ms
422 http fetch GET 200 https://registry.npmjs.org/isarray/-/isarray-0.0.1.tgz 702ms (cache miss)
423 timing reifyNode:node_modules/create-react-app/node_modules/isarray Completed in 754ms
424 http fetch GET 200 https://registry.npmjs.org/inherits/-/inherits-2.0.4.tgz 702ms (cache miss)
425 timing reifyNode:node_modules/create-react-app/node_modules/inherits Completed in 754ms
426 http fetch GET 200 https://registry.npmjs.org/sisteransi/-/sisteransi-1.0.5.tgz 701ms (cache miss)
427 timing reifyNode:node_modules/create-react-app/node_modules/sisteransi Completed in 754ms
428 http fetch GET 200 https://registry.npmjs.org/duplexer2/-/duplexer2-0.0.2.tgz 699ms (cache miss)
429 timing reifyNode:node_modules/create-react-app/node_modules/duplexer2 Completed in 754ms
430 http fetch GET 200 https://registry.npmjs.org/path-key/-/path-key-3.1.1.tgz 697ms (cache miss)
431 timing reifyNode:node_modules/create-react-app/node_modules/path-key Completed in 755ms
432 http fetch GET 200 https://registry.npmjs.org/string_decoder/-/string_decoder-1.1.1.tgz 691ms (cache miss)
433 timing reifyNode:node_modules/create-react-app/node_modules/tar-pack/node_modules/string_decoder Completed in 755ms
434 http fetch GET 200 https://registry.npmjs.org/isarray/-/isarray-1.0.0.tgz 691ms (cache miss)
435 timing reifyNode:node_modules/create-react-app/node_modules/tar-pack/node_modules/isarray Completed in 754ms
436 http fetch GET 200 https://registry.npmjs.org/fs.realpath/-/fs.realpath-1.0.0.tgz 717ms (cache miss)
437 timing reifyNode:node_modules/create-react-app/node_modules/fs.realpath Completed in 760ms
438 http fetch GET 200 https://registry.npmjs.org/process-nextick-args/-/process-nextick-args-2.0.1.tgz 722ms (cache miss)
439 timing reifyNode:node_modules/create-react-app/node_modules/process-nextick-args Completed in 762ms
440 http fetch GET 200 https://registry.npmjs.org/fstream-ignore/-/fstream-ignore-1.0.5.tgz 713ms (cache miss)
441 timing reifyNode:node_modules/create-react-app/node_modules/fstream-ignore Completed in 762ms
442 http fetch GET 200 https://registry.npmjs.org/yallist/-/yallist-4.0.0.tgz 710ms (cache miss)
443 timing reifyNode:node_modules/create-react-app/node_modules/yallist Completed in 762ms
444 http fetch GET 200 https://registry.npmjs.org/kleur/-/kleur-3.0.3.tgz 708ms (cache miss)
445 timing reifyNode:node_modules/create-react-app/node_modules/kleur Completed in 762ms
446 http fetch GET 200 https://registry.npmjs.org/which/-/which-2.0.2.tgz 705ms (cache miss)
447 timing reifyNode:node_modules/create-react-app/node_modules/which Completed in 762ms
448 http fetch GET 200 https://registry.npmjs.org/through2/-/through2-0.6.5.tgz 710ms (cache miss)
449 timing reifyNode:node_modules/create-react-app/node_modules/through2 Completed in 765ms
450 http fetch GET 200 https://registry.npmjs.org/isexe/-/isexe-2.0.0.tgz 727ms (cache miss)
451 timing reifyNode:node_modules/create-react-app/node_modules/isexe Completed in 768ms
452 http fetch GET 200 https://registry.npmjs.org/ansi-styles/-/ansi-styles-4.3.0.tgz 706ms (cache miss)
453 timing reifyNode:node_modules/create-react-app/node_modules/ansi-styles Completed in 766ms
454 http fetch GET 200 https://registry.npmjs.org/supports-color/-/supports-color-7.2.0.tgz 708ms (cache miss)
455 timing reifyNode:node_modules/create-react-app/node_modules/supports-color Completed in 767ms
456 http fetch GET 200 https://registry.npmjs.org/block-stream/-/block-stream-0.0.9.tgz 729ms (cache miss)
457 timing reifyNode:node_modules/create-react-app/node_modules/block-stream Completed in 771ms
458 http fetch GET 200 https://registry.npmjs.org/safe-buffer/-/safe-buffer-5.1.2.tgz 732ms (cache miss)
459 timing reifyNode:node_modules/create-react-app/node_modules/safe-buffer Completed in 773ms
460 http fetch GET 200 https://registry.npmjs.org/jsonfile/-/jsonfile-6.1.0.tgz 718ms (cache miss)
461 timing reifyNode:node_modules/create-react-app/node_modules/jsonfile Completed in 774ms
462 http fetch GET 200 https://registry.npmjs.org/color-convert/-/color-convert-2.0.1.tgz 717ms (cache miss)
463 timing reifyNode:node_modules/create-react-app/node_modules/color-convert Completed in 776ms
464 http fetch GET 200 https://registry.npmjs.org/minimatch/-/minimatch-3.1.2.tgz 734ms (cache miss)
465 timing reifyNode:node_modules/create-react-app/node_modules/minimatch Completed in 780ms
466 http fetch GET 200 https://registry.npmjs.org/graceful-fs/-/graceful-fs-4.2.11.tgz 724ms (cache miss)
467 timing reifyNode:node_modules/create-react-app/node_modules/graceful-fs Completed in 780ms
468 http fetch GET 200 https://registry.npmjs.org/tar-pack/-/tar-pack-3.4.1.tgz 720ms (cache miss)
469 http fetch GET 200 https://registry.npmjs.org/validate-npm-package-name/-/validate-npm-package-name-3.0.0.tgz 724ms (cache miss)
470 timing reifyNode:node_modules/create-react-app/node_modules/validate-npm-package-name Completed in 784ms
471 http fetch GET 200 https://registry.npmjs.org/tmp/-/tmp-0.2.3.tgz 728ms (cache miss)
472 timing reifyNode:node_modules/create-react-app/node_modules/tmp Completed in 789ms
473 http fetch GET 200 https://registry.npmjs.org/hyperquest/-/hyperquest-2.1.3.tgz 723ms (cache miss)
474 timing reifyNode:node_modules/create-react-app/node_modules/tar-pack Completed in 791ms
475 timing reifyNode:node_modules/create-react-app/node_modules/hyperquest Completed in 793ms
476 http fetch GET 200 https://registry.npmjs.org/cross-spawn/-/cross-spawn-7.0.3.tgz 727ms (cache miss)
477 timing reifyNode:node_modules/create-react-app/node_modules/cross-spawn Completed in 794ms
478 http fetch GET 200 https://registry.npmjs.org/glob/-/glob-7.2.3.tgz 758ms (cache miss)
479 timing reifyNode:node_modules/create-react-app/node_modules/glob Completed in 801ms
480 http fetch GET 200 https://registry.npmjs.org/chalk/-/chalk-4.1.2.tgz 732ms (cache miss)
481 timing reifyNode:node_modules/create-react-app/node_modules/chalk Completed in 799ms
482 http fetch GET 200 https://registry.npmjs.org/readable-stream/-/readable-stream-1.0.34.tgz 760ms (cache miss)
483 timing reifyNode:node_modules/create-react-app/node_modules/through2/node_modules/readable-stream Completed in 814ms
484 http fetch GET 200 https://registry.npmjs.org/commander/-/commander-4.1.1.tgz 751ms (cache miss)
485 timing reifyNode:node_modules/create-react-app/node_modules/commander Completed in 818ms
486 http fetch GET 200 https://registry.npmjs.org/readable-stream/-/readable-stream-1.1.14.tgz 770ms (cache miss)
487 timing reifyNode:node_modules/create-react-app/node_modules/readable-stream Completed in 824ms
488 http fetch GET 200 https://registry.npmjs.org/debug/-/debug-2.6.9.tgz 778ms (cache miss)
489 timing reifyNode:node_modules/create-react-app/node_modules/debug Completed in 827ms
490 http fetch GET 200 https://registry.npmjs.org/minimist/-/minimist-1.2.8.tgz 792ms (cache miss)
491 timing reifyNode:node_modules/create-react-app/node_modules/minimist Completed in 836ms
492 http fetch GET 200 https://registry.npmjs.org/fstream/-/fstream-1.0.12.tgz 787ms (cache miss)
493 timing reifyNode:node_modules/create-react-app/node_modules/fstream Completed in 836ms
494 http fetch GET 200 https://registry.npmjs.org/readable-stream/-/readable-stream-2.3.8.tgz 776ms (cache miss)
495 timing reifyNode:node_modules/create-react-app/node_modules/tar-pack/node_modules/readable-stream Completed in 840ms
496 http fetch GET 200 https://registry.npmjs.org/envinfo/-/envinfo-7.11.1.tgz 776ms (cache miss)
497 timing reifyNode:node_modules/create-react-app/node_modules/envinfo Completed in 842ms
498 http fetch GET 200 https://registry.npmjs.org/fs-extra/-/fs-extra-10.1.0.tgz 789ms (cache miss)
499 timing reifyNode:node_modules/create-react-app/node_modules/fs-extra Completed in 856ms
500 http fetch GET 200 https://registry.npmjs.org/semver/-/semver-7.6.0.tgz 806ms (cache miss)
501 timing reifyNode:node_modules/create-react-app/node_modules/semver Completed in 870ms
502 http fetch GET 200 https://registry.npmjs.org/prompts/-/prompts-2.4.2.tgz 818ms (cache miss)
503 timing reifyNode:node_modules/create-react-app/node_modules/prompts Completed in 883ms
504 http fetch GET 200 https://registry.npmjs.org/tar/-/tar-2.2.2.tgz 863ms (cache miss)
505 warn deprecated tar@2.2.2: This version of tar is no longer supported, and will not receive security updates. Please upgrade asap.
506 timing reifyNode:node_modules/create-react-app/node_modules/tar Completed in 912ms
507 timing reify:unpack Completed in 914ms
508 timing reify:unretire Completed in 0ms
509 timing build:queue Completed in 4ms
510 timing build:link:node_modules/create-react-app Completed in 4ms
511 timing build:link:node_modules/create-react-app/node_modules/envinfo Completed in 3ms
512 timing build:link:node_modules/create-react-app/node_modules/rimraf Completed in 3ms
513 timing build:link:node_modules/create-react-app/node_modules/semver Completed in 3ms
514 timing build:link:node_modules/create-react-app/node_modules/mkdirp Completed in 3ms
515 timing build:link:node_modules/create-react-app/node_modules/which Completed in 3ms
516 timing build:link Completed in 4ms
517 timing build:deps Completed in 8ms
518 timing build Completed in 9ms
519 timing reify:build Completed in 9ms
520 timing reify:trash Completed in 0ms
521 timing reify Completed in 3325ms
522 silly ADD node_modules/create-react-app
523 silly ADD node_modules/create-react-app/node_modules/util-deprecate
524 silly ADD node_modules/create-react-app/node_modules/safe-buffer
525 silly ADD node_modules/create-react-app/node_modules/process-nextick-args
526 silly ADD node_modules/create-react-app/node_modules/isexe
527 silly ADD node_modules/create-react-app/node_modules/builtins
528 silly ADD node_modules/create-react-app/node_modules/xtend
529 silly ADD node_modules/create-react-app/node_modules/block-stream
530 silly ADD node_modules/create-react-app/node_modules/path-is-absolute
531 silly ADD node_modules/create-react-app/node_modules/inflight
532 silly ADD node_modules/create-react-app/node_modules/fs.realpath
533 silly ADD node_modules/create-react-app/node_modules/glob
534 silly ADD node_modules/create-react-app/node_modules/wrappy
535 silly ADD node_modules/create-react-app/node_modules/minimist
536 silly ADD node_modules/create-react-app/node_modules/concat-map
537 silly ADD node_modules/create-react-app/node_modules/balanced-match
538 silly ADD node_modules/create-react-app/node_modules/brace-expansion
539 silly ADD node_modules/create-react-app/node_modules/minimatch
540 silly ADD node_modules/create-react-app/node_modules/mkdirp
541 silly ADD node_modules/create-react-app/node_modules/ms
542 silly ADD node_modules/create-react-app/node_modules/uid-number
543 silly ADD node_modules/create-react-app/node_modules/tar
544 silly ADD node_modules/create-react-app/node_modules/rimraf
545 silly ADD node_modules/create-react-app/node_modules/once
546 silly ADD node_modules/create-react-app/node_modules/fstream-ignore
547 silly ADD node_modules/create-react-app/node_modules/fstream
548 silly ADD node_modules/create-react-app/node_modules/debug
549 silly ADD node_modules/create-react-app/node_modules/has-flag
550 silly ADD node_modules/create-react-app/node_modules/shebang-regex
551 silly ADD node_modules/create-react-app/node_modules/yallist
552 silly ADD node_modules/create-react-app/node_modules/lru-cache
553 silly ADD node_modules/create-react-app/node_modules/string_decoder
554 silly ADD node_modules/create-react-app/node_modules/isarray
555 silly ADD node_modules/create-react-app/node_modules/inherits
556 silly ADD node_modules/create-react-app/node_modules/core-util-is
557 silly ADD node_modules/create-react-app/node_modules/sisteransi
558 silly ADD node_modules/create-react-app/node_modules/kleur
559 silly ADD node_modules/create-react-app/node_modules/readable-stream
560 silly ADD node_modules/create-react-app/node_modules/through2
561 silly ADD node_modules/create-react-app/node_modules/through2/node_modules/readable-stream
562 silly ADD node_modules/create-react-app/node_modules/duplexer2
563 silly ADD node_modules/create-react-app/node_modules/buffer-from
564 silly ADD node_modules/create-react-app/node_modules/universalify
565 silly ADD node_modules/create-react-app/node_modules/jsonfile
566 silly ADD node_modules/create-react-app/node_modules/graceful-fs
567 silly ADD node_modules/create-react-app/node_modules/which
568 silly ADD node_modules/create-react-app/node_modules/shebang-command
569 silly ADD node_modules/create-react-app/node_modules/path-key
570 silly ADD node_modules/create-react-app/node_modules/color-name
571 silly ADD node_modules/create-react-app/node_modules/color-convert
572 silly ADD node_modules/create-react-app/node_modules/supports-color
573 silly ADD node_modules/create-react-app/node_modules/ansi-styles
574 silly ADD node_modules/create-react-app/node_modules/validate-npm-package-name
575 silly ADD node_modules/create-react-app/node_modules/tmp
576 silly ADD node_modules/create-react-app/node_modules/tar-pack
577 silly ADD node_modules/create-react-app/node_modules/tar-pack/node_modules/string_decoder
578 silly ADD node_modules/create-react-app/node_modules/tar-pack/node_modules/isarray
579 silly ADD node_modules/create-react-app/node_modules/tar-pack/node_modules/readable-stream
580 silly ADD node_modules/create-react-app/node_modules/semver
581 silly ADD node_modules/create-react-app/node_modules/prompts
582 silly ADD node_modules/create-react-app/node_modules/hyperquest
583 silly ADD node_modules/create-react-app/node_modules/fs-extra
584 silly ADD node_modules/create-react-app/node_modules/envinfo
585 silly ADD node_modules/create-react-app/node_modules/cross-spawn
586 silly ADD node_modules/create-react-app/node_modules/commander
587 silly ADD node_modules/create-react-app/node_modules/chalk
588 timing command:install Completed in 3334ms
589 verbose exit 0
590 timing npm Completed in 3571ms
591 info ok
