0 verbose cli /home/ubuntu/.nvm/versions/node/v21.7.1/bin/node /home/ubuntu/.nvm/versions/node/v21.7.1/bin/npm
1 info using npm@10.5.0
2 info using node@v21.7.1
3 timing npm:load:whichnode Completed in 2ms
4 timing config:load:defaults Completed in 2ms
5 timing config:load:file:/home/ubuntu/.nvm/versions/node/v21.7.1/lib/node_modules/npm/npmrc Completed in 1ms
6 timing config:load:builtin Completed in 1ms
7 timing config:load:cli Completed in 2ms
8 timing config:load:env Completed in 1ms
9 timing config:load:file:/home/ubuntu/hello-world/.npmrc Completed in 2ms
10 timing config:load:project Completed in 11ms
11 timing config:load:file:/home/ubuntu/.npmrc Completed in 0ms
12 timing config:load:user Completed in 0ms
13 timing config:load:file:/home/ubuntu/.nvm/versions/node/v21.7.1/etc/npmrc Completed in 0ms
14 timing config:load:global Completed in 0ms
15 timing config:load:setEnvs Completed in 0ms
16 timing config:load Completed in 19ms
17 timing npm:load:configload Completed in 19ms
18 timing config:load:flatten Completed in 3ms
19 timing npm:load:mkdirpcache Completed in 0ms
20 timing npm:load:mkdirplogs Completed in 0ms
21 verbose title npm run build
22 verbose argv "run" "build"
23 timing npm:load:setTitle Completed in 1ms
24 timing npm:load:display Completed in 1ms
25 verbose logfile logs-max:10 dir:/home/ubuntu/.npm/_logs/2024-03-26T06_33_31_533Z-
26 verbose logfile /home/ubuntu/.npm/_logs/2024-03-26T06_33_31_533Z-debug-0.log
27 timing npm:load:logFile Completed in 9ms
28 timing npm:load:timers Completed in 0ms
29 timing npm:load:configScope Completed in 0ms
30 timing npm:load Completed in 51ms
31 silly logfile done cleaning log files
32 timing command:run Completed in 9461ms
33 verbose exit 0
34 timing npm Completed in 9543ms
35 info ok
